# JRE version: OpenJDK Runtime Environment (17.0.6) (build 17.0.6+0-b2043.56-10027231)
# Java VM: OpenJDK 64-Bit Server VM (17.0.6+0-b2043.56-10027231, mixed mode, tiered, compressed oops, compressed class ptrs, g1 gc, windows-amd64)
GC Precious Log:
 CPUs: 4 total, 4 available
 Memory: 11982M
 Large Page Support: Disabled
 NUMA Support: Disabled
 Compressed Oops: Enabled (32-bit)
 Heap Region Size: 1M
 Heap Min Capacity: 8M
 Heap Initial Capacity: 188M
 Heap Max Capacity: 2G
 Pre-touch: Disabled
 Parallel Workers: 4
 Concurrent Workers: 1
 Concurrent Refinement Workers: 4
 Periodic GC: Disabled
Heap:
 garbage-first heap   total 306176K, used 148513K [0x0000000080000000, 0x0000000100000000)
  region size 1024K, 2 young (2048K), 2 survivors (2048K)
 Metaspace       used 149076K, committed 150208K, reserved 1179648K
  class space    used 19763K, committed 20288K, reserved 1048576K
GC Heap History (20 events):
Event: 418.326 GC heap after
{Heap after GC invocations=65 (full 0):
 garbage-first heap   total 306176K, used 149706K [0x0000000080000000, 0x0000000100000000)
  region size 1024K, 2 young (2048K), 2 survivors (2048K)
 Metaspace       used 147725K, committed 148736K, reserved 1179648K
  class space    used 19719K, committed 20224K, reserved 1048576K
}
Event: 420.712 GC heap before
{Heap before GC invocations=65 (full 0):
 garbage-first heap   total 306176K, used 207050K [0x0000000080000000, 0x0000000100000000)
  region size 1024K, 60 young (61440K), 2 survivors (2048K)
 Metaspace       used 147981K, committed 149056K, reserved 1179648K
  class space    used 19740K, committed 20224K, reserved 1048576K
}
Event: 420.721 GC heap after
{Heap after GC invocations=66 (full 0):
 garbage-first heap   total 306176K, used 153055K [0x0000000080000000, 0x0000000100000000)
  region size 1024K, 5 young (5120K), 5 survivors (5120K)
 Metaspace       used 147981K, committed 149056K, reserved 1179648K
  class space    used 19740K, committed 20224K, reserved 1048576K
}
Event: 496.788 GC heap before
{Heap before GC invocations=67 (full 0):
 garbage-first heap   total 306176K, used 259551K [0x0000000080000000, 0x0000000100000000)
  region size 1024K, 97 young (99328K), 5 survivors (5120K)
 Metaspace       used 148218K, committed 149248K, reserved 1179648K
  class space    used 19743K, committed 20224K, reserved 1048576K
}
Event: 496.816 GC heap after
{Heap after GC invocations=68 (full 0):
 garbage-first heap   total 306176K, used 156359K [0x0000000080000000, 0x0000000100000000)
  region size 1024K, 13 young (13312K), 13 survivors (13312K)
 Metaspace       used 148218K, committed 149248K, reserved 1179648K
  class space    used 19743K, committed 20224K, reserved 1048576K
}
Event: 496.830 GC heap before
{Heap before GC invocations=68 (full 0):
 garbage-first heap   total 306176K, used 157383K [0x0000000080000000, 0x0000000100000000)
  region size 1024K, 14 young (14336K), 13 survivors (13312K)
 Metaspace       used 148222K, committed 149248K, reserved 1179648K
  class space    used 19744K, committed 20224K, reserved 1048576K
}
Event: 496.856 GC heap after
{Heap after GC invocations=69 (full 0):
 garbage-first heap   total 306176K, used 145385K [0x0000000080000000, 0x0000000100000000)
  region size 1024K, 2 young (2048K), 2 survivors (2048K)
 Metaspace       used 148222K, committed 149248K, reserved 1179648K
  class space    used 19744K, committed 20224K, reserved 1048576K
}
Event: 498.928 GC heap before
{Heap before GC invocations=69 (full 0):
 garbage-first heap   total 306176K, used 174057K [0x0000000080000000, 0x0000000100000000)
  region size 1024K, 31 young (31744K), 2 survivors (2048K)
 Metaspace       used 148412K, committed 149568K, reserved 1179648K
  class space    used 19750K, committed 20288K, reserved 1048576K
}
Event: 498.933 GC heap after
{Heap after GC invocations=70 (full 0):
 garbage-first heap   total 306176K, used 145897K [0x0000000080000000, 0x0000000100000000)
  region size 1024K, 2 young (2048K), 2 survivors (2048K)
 Metaspace       used 148412K, committed 149568K, reserved 1179648K
  class space    used 19750K, committed 20288K, reserved 1048576K
}
Event: 592.479 GC heap before
{Heap before GC invocations=71 (full 0):
 garbage-first heap   total 306176K, used 265705K [0x0000000080000000, 0x0000000100000000)
  region size 1024K, 101 young (103424K), 2 survivors (2048K)
 Metaspace       used 148692K, committed 149824K, reserved 1179648K
  class space    used 19761K, committed 20288K, reserved 1048576K
}
Event: 592.495 GC heap after
{Heap after GC invocations=72 (full 0):
 garbage-first heap   total 306176K, used 155212K [0x0000000080000000, 0x0000000100000000)
  region size 1024K, 12 young (12288K), 12 survivors (12288K)
 Metaspace       used 148692K, committed 149824K, reserved 1179648K
  class space    used 19761K, committed 20288K, reserved 1048576K
}
Event: 592.523 GC heap before
{Heap before GC invocations=72 (full 0):
 garbage-first heap   total 306176K, used 157260K [0x0000000080000000, 0x0000000100000000)
  region size 1024K, 14 young (14336K), 12 survivors (12288K)
 Metaspace       used 148700K, committed 149824K, reserved 1179648K
  class space    used 19761K, committed 20288K, reserved 1048576K
}
Event: 592.543 GC heap after
{Heap after GC invocations=73 (full 0):
 garbage-first heap   total 306176K, used 147745K [0x0000000080000000, 0x0000000100000000)
  region size 1024K, 2 young (2048K), 2 survivors (2048K)
 Metaspace       used 148700K, committed 149824K, reserved 1179648K
  class space    used 19761K, committed 20288K, reserved 1048576K
}
Event: 594.242 GC heap before
{Heap before GC invocations=73 (full 0):
 garbage-first heap   total 306176K, used 168225K [0x0000000080000000, 0x0000000100000000)
  region size 1024K, 24 young (24576K), 2 survivors (2048K)
 Metaspace       used 148756K, committed 149824K, reserved 1179648K
  class space    used 19761K, committed 20288K, reserved 1048576K
}
Event: 594.244 GC heap after
{Heap after GC invocations=74 (full 0):
 garbage-first heap   total 306176K, used 147655K [0x0000000080000000, 0x0000000100000000)
  region size 1024K, 2 young (2048K), 2 survivors (2048K)
 Metaspace       used 148756K, committed 149824K, reserved 1179648K
  class space    used 19761K, committed 20288K, reserved 1048576K
}
Event: 909.576 GC heap before
{Heap before GC invocations=75 (full 0):
 garbage-first heap   total 306176K, used 266439K [0x0000000080000000, 0x0000000100000000)
  region size 1024K, 103 young (105472K), 2 survivors (2048K)
 Metaspace       used 149019K, committed 150144K, reserved 1179648K
  class space    used 19762K, committed 20288K, reserved 1048576K
}
Event: 909.589 GC heap after
{Heap after GC invocations=76 (full 0):
 garbage-first heap   total 306176K, used 154687K [0x0000000080000000, 0x0000000100000000)
  region size 1024K, 11 young (11264K), 11 survivors (11264K)
 Metaspace       used 149019K, committed 150144K, reserved 1179648K
  class space    used 19762K, committed 20288K, reserved 1048576K
}
Event: 909.600 GC heap before
{Heap before GC invocations=76 (full 0):
 garbage-first heap   total 306176K, used 157759K [0x0000000080000000, 0x0000000100000000)
  region size 1024K, 14 young (14336K), 11 survivors (11264K)
 Metaspace       used 149022K, committed 150144K, reserved 1179648K
  class space    used 19762K, committed 20288K, reserved 1048576K
}
Event: 909.614 GC heap after
{Heap after GC invocations=77 (full 0):
 garbage-first heap   total 306176K, used 148218K [0x0000000080000000, 0x0000000100000000)
  region size 1024K, 2 young (2048K), 2 survivors (2048K)
 Metaspace       used 149022K, committed 150144K, reserved 1179648K
  class space    used 19762K, committed 20288K, reserved 1048576K
}
Event: 911.023 GC heap before
{Heap before GC invocations=77 (full 0):
 garbage-first heap   total 306176K, used 168698K [0x0000000080000000, 0x0000000100000000)
  region size 1024K, 24 young (24576K), 2 survivors (2048K)
 Metaspace       used 149076K, committed 150208K, reserved 1179648K
  class space    used 19763K, committed 20288K, reserved 1048576K
}

